2022-06-13 10:56:25,546 INFO  [log] login button found
2022-06-13 10:56:25,546 INFO  [log] **************************************************************************************** 
2022-06-13 10:56:25,546 INFO  [log] **************************************************************************************** 
2022-06-13 10:56:25,547 INFO  [log] $$$$$$$$$$$$$$$$$$$$$                 homepahes       $$$$$$$$$$$$$$$$$$$$$$$$$ 
2022-06-13 10:56:25,547 INFO  [log] **************************************************************************************** 
2022-06-13 10:56:25,547 INFO  [log] **************************************************************************************** 
2022-06-13 10:56:31,049 INFO  [log] XXXXXXXXXXXXXXXXXXXXXXX             -E---N---D-             XXXXXXXXXXXXXXXXXXXXXX 
2022-06-13 10:56:31,049 INFO  [log] X 
2022-06-13 10:56:31,049 INFO  [log] X 
2022-06-13 10:56:31,049 INFO  [log] X 
2022-06-13 10:56:31,049 INFO  [log] X 
2022-06-13 11:27:52,248 ERROR [log] Button not found 
2022-06-13 11:27:52,248 INFO  [log] **************************************************************************************** 
2022-06-13 11:27:52,248 INFO  [log] **************************************************************************************** 
2022-06-13 11:27:52,249 INFO  [log] $$$$$$$$$$$$$$$$$$$$$                 homepahes       $$$$$$$$$$$$$$$$$$$$$$$$$ 
2022-06-13 11:27:52,249 INFO  [log] **************************************************************************************** 
2022-06-13 11:27:52,249 INFO  [log] **************************************************************************************** 
2022-06-13 11:27:56,464 INFO  [log] XXXXXXXXXXXXXXXXXXXXXXX             -E---N---D-             XXXXXXXXXXXXXXXXXXXXXX 
2022-06-13 11:27:56,464 INFO  [log] X 
2022-06-13 11:27:56,464 INFO  [log] X 
2022-06-13 11:27:56,464 INFO  [log] X 
2022-06-13 11:27:56,464 INFO  [log] X 
2022-06-13 11:29:43,514 ERROR [log] Button not found 
2022-06-13 11:29:43,514 INFO  [log] **************************************************************************************** 
2022-06-13 11:29:43,514 INFO  [log] **************************************************************************************** 
2022-06-13 11:29:43,515 INFO  [log] $$$$$$$$$$$$$$$$$$$$$                 homepahes       $$$$$$$$$$$$$$$$$$$$$$$$$ 
2022-06-13 11:29:43,515 INFO  [log] **************************************************************************************** 
2022-06-13 11:29:43,515 INFO  [log] **************************************************************************************** 
2022-06-13 11:29:49,163 INFO  [log] XXXXXXXXXXXXXXXXXXXXXXX             -E---N---D-             XXXXXXXXXXXXXXXXXXXXXX 
2022-06-13 11:29:49,163 INFO  [log] X 
2022-06-13 11:29:49,163 INFO  [log] X 
2022-06-13 11:29:49,163 INFO  [log] X 
2022-06-13 11:29:49,163 INFO  [log] X 
